This is XeTeX, Version 3.141592653-2.6-0.999997 (TeX Live 2025) (preloaded format=xelatex 2025.3.8)  9 JUL 2025 17:15
entering extended mode
 restricted \write18 enabled.
 file:line:error style messages enabled.
 %&-line parsing enabled.
**/Users/joe/Nextcloud/Studies/MSc/Semester_1/Astroinformatica_I/Practices/Practice_4/LaTeX/Practice_4
(/Users/joe/Nextcloud/Studies/MSc/Semester_1/Astroinformatica_I/Practices/Practice_4/LaTeX/Practice_4.tex
LaTeX2e <2024-11-01> patch level 2
L3 programming layer <2025-01-18>
(/usr/local/texlive/2025/texmf-dist/tex/latex/base/article.cls
Document Class: article 2024/06/29 v1.4n Standard LaTeX document class
(/usr/local/texlive/2025/texmf-dist/tex/latex/base/size12.clo
File: size12.clo 2024/06/29 v1.4n Standard LaTeX file (size option)
)
\c@part=\count192
\c@section=\count193
\c@subsection=\count194
\c@subsubsection=\count195
\c@paragraph=\count196
\c@subparagraph=\count197
\c@figure=\count198
\c@table=\count199
\abovecaptionskip=\skip49
\belowcaptionskip=\skip50
\bibindent=\dimen141
) (/usr/local/texlive/2025/texmf-dist/tex/latex/geometry/geometry.sty
Package: geometry 2020/01/02 v5.9 Page Geometry
 (/usr/local/texlive/2025/texmf-dist/tex/latex/graphics/keyval.sty
Package: keyval 2022/05/29 v1.15 key=value parser (DPC)
\KV@toks@=\toks17
) (/usr/local/texlive/2025/texmf-dist/tex/generic/iftex/ifvtex.sty
Package: ifvtex 2019/10/25 v1.7 ifvtex legacy package. Use iftex instead.
 (/usr/local/texlive/2025/texmf-dist/tex/generic/iftex/iftex.sty
Package: iftex 2024/12/12 v1.0g TeX engine tests
))
\Gm@cnth=\count266
\Gm@cntv=\count267
\c@Gm@tempcnt=\count268
\Gm@bindingoffset=\dimen142
\Gm@wd@mp=\dimen143
\Gm@odd@mp=\dimen144
\Gm@even@mp=\dimen145
\Gm@layoutwidth=\dimen146
\Gm@layoutheight=\dimen147
\Gm@layouthoffset=\dimen148
\Gm@layoutvoffset=\dimen149
\Gm@dimlist=\toks18
) (/usr/local/texlive/2025/texmf-dist/tex/latex/fontspec/fontspec.sty (/usr/local/texlive/2025/texmf-dist/tex/latex/l3packages/xparse/xparse.sty (/usr/local/texlive/2025/texmf-dist/tex/latex/l3kernel/expl3.sty
Package: expl3 2025-01-18 L3 programming layer (loader) 
 (/usr/local/texlive/2025/texmf-dist/tex/latex/l3backend/l3backend-xetex.def
File: l3backend-xetex.def 2024-05-08 L3 backend support: XeTeX
\g__graphics_track_int=\count269
\l__pdf_internal_box=\box52
\g__pdf_backend_annotation_int=\count270
\g__pdf_backend_link_int=\count271
))
Package: xparse 2024-08-16 L3 Experimental document command parser
)
Package: fontspec 2024/05/11 v2.9e Font selection for XeLaTeX and LuaLaTeX
 (/usr/local/texlive/2025/texmf-dist/tex/latex/fontspec/fontspec-xetex.sty
Package: fontspec-xetex 2024/05/11 v2.9e Font selection for XeLaTeX and LuaLaTeX
\l__fontspec_script_int=\count272
\l__fontspec_language_int=\count273
\l__fontspec_strnum_int=\count274
\l__fontspec_tmp_int=\count275
\l__fontspec_tmpa_int=\count276
\l__fontspec_tmpb_int=\count277
\l__fontspec_tmpc_int=\count278
\l__fontspec_em_int=\count279
\l__fontspec_emdef_int=\count280
\l__fontspec_strong_int=\count281
\l__fontspec_strongdef_int=\count282
\l__fontspec_tmpa_dim=\dimen150
\l__fontspec_tmpb_dim=\dimen151
\l__fontspec_tmpc_dim=\dimen152
 (/usr/local/texlive/2025/texmf-dist/tex/latex/base/fontenc.sty
Package: fontenc 2021/04/29 v2.0v Standard LaTeX package
) (/usr/local/texlive/2025/texmf-dist/tex/latex/fontspec/fontspec.cfg))) (/usr/local/texlive/2025/texmf-dist/tex/latex/listings/listings.sty
\lst@mode=\count283
\lst@gtempboxa=\box53
\lst@token=\toks19
\lst@length=\count284
\lst@currlwidth=\dimen153
\lst@column=\count285
\lst@pos=\count286
\lst@lostspace=\dimen154
\lst@width=\dimen155
\lst@newlines=\count287
\lst@lineno=\count288
\lst@maxwidth=\dimen156
 (/usr/local/texlive/2025/texmf-dist/tex/latex/listings/lstpatch.sty
File: lstpatch.sty 2024/09/23 1.10c (Carsten Heinz)
) (/usr/local/texlive/2025/texmf-dist/tex/latex/listings/lstmisc.sty
File: lstmisc.sty 2024/09/23 1.10c (Carsten Heinz)
\c@lstnumber=\count289
\lst@skipnumbers=\count290
\lst@framebox=\box54
) (/usr/local/texlive/2025/texmf-dist/tex/latex/listings/listings.cfg
File: listings.cfg 2024/09/23 1.10c listings configuration
))
Package: listings 2024/09/23 1.10c (Carsten Heinz)
 (/usr/local/texlive/2025/texmf-dist/tex/latex/xcolor/xcolor.sty
Package: xcolor 2024/09/29 v3.02 LaTeX color extensions (UK)
 (/usr/local/texlive/2025/texmf-dist/tex/latex/graphics-cfg/color.cfg
File: color.cfg 2016/01/02 v1.6 sample color configuration
)
Package xcolor Info: Driver file: xetex.def on input line 274.
 (/usr/local/texlive/2025/texmf-dist/tex/latex/graphics-def/xetex.def
File: xetex.def 2022/09/22 v5.0n Graphics/color driver for xetex
) (/usr/local/texlive/2025/texmf-dist/tex/latex/graphics/mathcolor.ltx)
Package xcolor Info: Model `cmy' substituted by `cmy0' on input line 1349.
Package xcolor Info: Model `RGB' extended on input line 1365.
Package xcolor Info: Model `HTML' substituted by `rgb' on input line 1367.
Package xcolor Info: Model `Hsb' substituted by `hsb' on input line 1368.
Package xcolor Info: Model `tHsb' substituted by `hsb' on input line 1369.
Package xcolor Info: Model `HSB' substituted by `hsb' on input line 1370.
Package xcolor Info: Model `Gray' substituted by `gray' on input line 1371.
Package xcolor Info: Model `wave' substituted by `hsb' on input line 1372.
) (/usr/local/texlive/2025/texmf-dist/tex/latex/enumitem/enumitem.sty
Package: enumitem 2025/02/06 v3.11 Customized lists
\labelindent=\skip51
\enit@outerparindent=\dimen157
\enit@toks=\toks20
\enit@inbox=\box55
\enit@count@id=\count291
\enitdp@description=\count292
) (/usr/local/texlive/2025/texmf-dist/tex/latex/hyperref/hyperref.sty
Package: hyperref 2024-11-05 v7.01l Hypertext links for LaTeX
 (/usr/local/texlive/2025/texmf-dist/tex/latex/kvsetkeys/kvsetkeys.sty
Package: kvsetkeys 2022-10-05 v1.19 Key value parser (HO)
) (/usr/local/texlive/2025/texmf-dist/tex/generic/kvdefinekeys/kvdefinekeys.sty
Package: kvdefinekeys 2019-12-19 v1.6 Define keys (HO)
) (/usr/local/texlive/2025/texmf-dist/tex/generic/pdfescape/pdfescape.sty
Package: pdfescape 2019/12/09 v1.15 Implements pdfTeX's escape features (HO)
 (/usr/local/texlive/2025/texmf-dist/tex/generic/ltxcmds/ltxcmds.sty
Package: ltxcmds 2023-12-04 v1.26 LaTeX kernel commands for general use (HO)
) (/usr/local/texlive/2025/texmf-dist/tex/generic/pdftexcmds/pdftexcmds.sty
Package: pdftexcmds 2020-06-27 v0.33 Utility functions of pdfTeX for LuaTeX (HO)
 (/usr/local/texlive/2025/texmf-dist/tex/generic/infwarerr/infwarerr.sty
Package: infwarerr 2019/12/03 v1.5 Providing info/warning/error messages (HO)
)
Package pdftexcmds Info: \pdf@primitive is available.
Package pdftexcmds Info: \pdf@ifprimitive is available.
Package pdftexcmds Info: \pdfdraftmode not found.
)) (/usr/local/texlive/2025/texmf-dist/tex/latex/hycolor/hycolor.sty
Package: hycolor 2020-01-27 v1.10 Color options for hyperref/bookmark (HO)
) (/usr/local/texlive/2025/texmf-dist/tex/latex/hyperref/nameref.sty
Package: nameref 2023-11-26 v2.56 Cross-referencing by name of section
 (/usr/local/texlive/2025/texmf-dist/tex/latex/refcount/refcount.sty
Package: refcount 2019/12/15 v3.6 Data extraction from label references (HO)
) (/usr/local/texlive/2025/texmf-dist/tex/generic/gettitlestring/gettitlestring.sty
Package: gettitlestring 2019/12/15 v1.6 Cleanup title references (HO)
 (/usr/local/texlive/2025/texmf-dist/tex/latex/kvoptions/kvoptions.sty
Package: kvoptions 2022-06-15 v3.15 Key value format for package options (HO)
))
\c@section@level=\count293
) (/usr/local/texlive/2025/texmf-dist/tex/latex/etoolbox/etoolbox.sty
Package: etoolbox 2025/02/11 v2.5l e-TeX tools for LaTeX (JAW)
\etb@tempcnta=\count294
) (/usr/local/texlive/2025/texmf-dist/tex/generic/stringenc/stringenc.sty
Package: stringenc 2019/11/29 v1.12 Convert strings between diff. encodings (HO)
)
\@linkdim=\dimen158
\Hy@linkcounter=\count295
\Hy@pagecounter=\count296
 (/usr/local/texlive/2025/texmf-dist/tex/latex/hyperref/pd1enc.def
File: pd1enc.def 2024-11-05 v7.01l Hyperref: PDFDocEncoding definition (HO)
) (/usr/local/texlive/2025/texmf-dist/tex/generic/intcalc/intcalc.sty
Package: intcalc 2019/12/15 v1.3 Expandable calculations with integers (HO)
)
\Hy@SavedSpaceFactor=\count297
 (/usr/local/texlive/2025/texmf-dist/tex/latex/hyperref/puenc.def
File: puenc.def 2024-11-05 v7.01l Hyperref: PDF Unicode definition (HO)
)
Package hyperref Info: Hyper figures OFF on input line 4157.
Package hyperref Info: Link nesting OFF on input line 4162.
Package hyperref Info: Hyper index ON on input line 4165.
Package hyperref Info: Plain pages OFF on input line 4172.
Package hyperref Info: Backreferencing OFF on input line 4177.
Package hyperref Info: Implicit mode ON; LaTeX internals redefined.
Package hyperref Info: Bookmarks ON on input line 4424.
\c@Hy@tempcnt=\count298
 (/usr/local/texlive/2025/texmf-dist/tex/latex/url/url.sty
\Urlmuskip=\muskip17
Package: url 2013/09/16  ver 3.4  Verb mode for urls, etc.
)
LaTeX Info: Redefining \url on input line 4763.
\XeTeXLinkMargin=\dimen159
 (/usr/local/texlive/2025/texmf-dist/tex/generic/bitset/bitset.sty
Package: bitset 2019/12/09 v1.3 Handle bit-vector datatype (HO)
 (/usr/local/texlive/2025/texmf-dist/tex/generic/bigintcalc/bigintcalc.sty
Package: bigintcalc 2019/12/15 v1.5 Expandable calculations on big integers (HO)
))
\Fld@menulength=\count299
\Field@Width=\dimen160
\Fld@charsize=\dimen161
Package hyperref Info: Hyper figures OFF on input line 6042.
Package hyperref Info: Link nesting OFF on input line 6047.
Package hyperref Info: Hyper index ON on input line 6050.
Package hyperref Info: backreferencing OFF on input line 6057.
Package hyperref Info: Link coloring OFF on input line 6062.
Package hyperref Info: Link coloring with OCG OFF on input line 6067.
Package hyperref Info: PDF/A mode OFF on input line 6072.
 (/usr/local/texlive/2025/texmf-dist/tex/latex/base/atbegshi-ltx.sty
Package: atbegshi-ltx 2021/01/10 v1.0c Emulation of the original atbegshi
package with kernel methods
)
\Hy@abspage=\count300
\c@Item=\count301
\c@Hfootnote=\count302
)
Package hyperref Info: Driver (autodetected): hxetex.
 (/usr/local/texlive/2025/texmf-dist/tex/latex/hyperref/hxetex.def
File: hxetex.def 2024-11-05 v7.01l Hyperref driver for XeTeX
\pdfm@box=\box56
\c@Hy@AnnotLevel=\count303
\HyField@AnnotCount=\count304
\Fld@listcount=\count305
\c@bookmark@seq@number=\count306
 (/usr/local/texlive/2025/texmf-dist/tex/latex/rerunfilecheck/rerunfilecheck.sty
Package: rerunfilecheck 2022-07-10 v1.10 Rerun checks for auxiliary files (HO)
 (/usr/local/texlive/2025/texmf-dist/tex/latex/base/atveryend-ltx.sty
Package: atveryend-ltx 2020/08/19 v1.0a Emulation of the original atveryend package
with kernel methods
) (/usr/local/texlive/2025/texmf-dist/tex/generic/uniquecounter/uniquecounter.sty
Package: uniquecounter 2019/12/15 v1.4 Provide unlimited unique counter (HO)
)
Package uniquecounter Info: New unique counter `rerunfilecheck' on input line 285.
)
\Hy@SectionHShift=\skip52
) (/usr/local/texlive/2025/texmf-dist/tex/latex/graphics/graphicx.sty
Package: graphicx 2021/09/16 v1.2d Enhanced LaTeX Graphics (DPC,SPQR)
 (/usr/local/texlive/2025/texmf-dist/tex/latex/graphics/graphics.sty
Package: graphics 2024/08/06 v1.4g Standard LaTeX Graphics (DPC,SPQR)
 (/usr/local/texlive/2025/texmf-dist/tex/latex/graphics/trig.sty
Package: trig 2023/12/02 v1.11 sin cos tan (DPC)
) (/usr/local/texlive/2025/texmf-dist/tex/latex/graphics-cfg/graphics.cfg
File: graphics.cfg 2016/06/04 v1.11 sample graphics configuration
)
Package graphics Info: Driver file: xetex.def on input line 106.
)
\Gin@req@height=\dimen162
\Gin@req@width=\dimen163
) (/usr/local/texlive/2025/texmf-dist/tex/latex/caption/caption.sty
Package: caption 2023/08/05 v3.6o Customizing captions (AR)
 (/usr/local/texlive/2025/texmf-dist/tex/latex/caption/caption3.sty
Package: caption3 2023/07/31 v2.4d caption3 kernel (AR)
\caption@tempdima=\dimen164
\captionmargin=\dimen165
\caption@leftmargin=\dimen166
\caption@rightmargin=\dimen167
\caption@width=\dimen168
\caption@indent=\dimen169
\caption@parindent=\dimen170
\caption@hangindent=\dimen171
Package caption Info: Standard document class detected.
)
\c@caption@flags=\count307
\c@continuedfloat=\count308
Package caption Info: hyperref package is loaded.
Package caption Info: listings package is loaded.
) (/usr/local/texlive/2025/texmf-dist/tex/latex/fancyhdr/fancyhdr.sty
Package: fancyhdr 2025/02/07 v5.2 Extensive control of page headers and footers
\f@nch@headwidth=\skip53
\f@nch@offset@elh=\skip54
\f@nch@offset@erh=\skip55
\f@nch@offset@olh=\skip56
\f@nch@offset@orh=\skip57
\f@nch@offset@elf=\skip58
\f@nch@offset@erf=\skip59
\f@nch@offset@olf=\skip60
\f@nch@offset@orf=\skip61
\f@nch@height=\skip62
\f@nch@footalignment=\skip63
\f@nch@widthL=\skip64
\f@nch@widthC=\skip65
\f@nch@widthR=\skip66
\@temptokenb=\toks21
) (/usr/local/texlive/2025/texmf-dist/tex/latex/tools/calc.sty
Package: calc 2023/07/08 v4.3 Infix arithmetic (KKT,FJ)
\calc@Acount=\count309
\calc@Bcount=\count310
\calc@Adimen=\dimen172
\calc@Bdimen=\dimen173
\calc@Askip=\skip67
\calc@Bskip=\skip68
LaTeX Info: Redefining \setlength on input line 80.
LaTeX Info: Redefining \addtolength on input line 81.
\calc@Ccount=\count311
\calc@Cskip=\skip69
)

Package fontspec Info: 
(fontspec)             Font family 'InterDisplay(0)' created for font
(fontspec)             'InterDisplay' with options
(fontspec)             [Ligatures=TeX,UprightFont=*-Regular,ItalicFont=*-Italic,BoldFont=*-Bold,BoldItalicFont=*-BoldItalic,FontFace={ul}{n}{Font={*-Thin}},FontFace={ul}{it}{Font={*-ThinItalic}},FontFace={el}{n}{Font={*-ExtraLight}},FontFace={el}{it}{Font={*-ExtraLightItalic}},FontFace={l}{n}{Font={*-Light}},FontFace={l}{it}{Font={*-LightItalic}},FontFace={mb}{n}{Font={*-Medium}},FontFace={mb}{it}{Font={*-MediumItalic}},FontFace={sb}{n}{Font={*-SemiBold}},FontFace={sb}{it}{Font={*-SemiBoldItalic}},FontFace={eb}{n}{Font={*-ExtraBold}},FontFace={eb}{it}{Font={*-ExtraBoldItalic}},FontFace={ub}{n}{Font={*-Black}},FontFace={ub}{it}{Font={*-BlackItalic}},RawFeature={+cv05}].
(fontspec)              
(fontspec)              This font family consists of the following NFSS
(fontspec)             series/shapes:
(fontspec)              
(fontspec)             - (ul/n) with NFSS spec.:
(fontspec)             <->"InterDisplay-Thin/OT:script=latn;language=dflt;+cv05;mapping=tex-text;"
(fontspec)             - (ul/it) with NFSS spec.:
(fontspec)             <->"InterDisplay-ThinItalic/OT:script=latn;language=dflt;+cv05;mapping=tex-text;"
(fontspec)             - (el/n) with NFSS spec.:
(fontspec)             <->"InterDisplay-ExtraLight/OT:script=latn;language=dflt;+cv05;mapping=tex-text;"
(fontspec)             - (el/it) with NFSS spec.:
(fontspec)             <->"InterDisplay-ExtraLightItalic/OT:script=latn;language=dflt;+cv05;mapping=tex-text;"
(fontspec)             - (l/n) with NFSS spec.:
(fontspec)             <->"InterDisplay-Light/OT:script=latn;language=dflt;+cv05;mapping=tex-text;"
(fontspec)             - (l/it) with NFSS spec.:
(fontspec)             <->"InterDisplay-LightItalic/OT:script=latn;language=dflt;+cv05;mapping=tex-text;"
(fontspec)             - (mb/n) with NFSS spec.:
(fontspec)             <->"InterDisplay-Medium/OT:script=latn;language=dflt;+cv05;mapping=tex-text;"
(fontspec)             - (mb/it) with NFSS spec.:
(fontspec)             <->"InterDisplay-MediumItalic/OT:script=latn;language=dflt;+cv05;mapping=tex-text;"
(fontspec)             - (sb/n) with NFSS spec.:
(fontspec)             <->"InterDisplay-SemiBold/OT:script=latn;language=dflt;+cv05;mapping=tex-text;"
(fontspec)             - (sb/it) with NFSS spec.:
(fontspec)             <->"InterDisplay-SemiBoldItalic/OT:script=latn;language=dflt;+cv05;mapping=tex-text;"
(fontspec)             - (eb/n) with NFSS spec.:
(fontspec)             <->"InterDisplay-ExtraBold/OT:script=latn;language=dflt;+cv05;mapping=tex-text;"
(fontspec)             - (eb/it) with NFSS spec.:
(fontspec)             <->"InterDisplay-ExtraBoldItalic/OT:script=latn;language=dflt;+cv05;mapping=tex-text;"
(fontspec)             - (ub/n) with NFSS spec.:
(fontspec)             <->"InterDisplay-Black/OT:script=latn;language=dflt;+cv05;mapping=tex-text;"
(fontspec)             - (ub/it) with NFSS spec.:
(fontspec)             <->"InterDisplay-BlackItalic/OT:script=latn;language=dflt;+cv05;mapping=tex-text;"
(fontspec)             - 'normal' (m/n) with NFSS spec.:
(fontspec)             <->"InterDisplay-Regular/OT:script=latn;language=dflt;+cv05;mapping=tex-text;"
(fontspec)             - 'bold' (b/n) with NFSS spec.:
(fontspec)             <->"InterDisplay-Bold/OT:script=latn;language=dflt;+cv05;mapping=tex-text;"
(fontspec)             - 'italic' (m/it) with NFSS spec.:
(fontspec)             <->"InterDisplay-Italic/OT:script=latn;language=dflt;+cv05;mapping=tex-text;"
(fontspec)             - 'bold italic' (b/it) with NFSS spec.:
(fontspec)             <->"InterDisplay-BoldItalic/OT:script=latn;language=dflt;+cv05;mapping=tex-text;"


Package fontspec Info: 
(fontspec)             Font family 'AdwaitaMono(0)' created for font 'Adwaita
(fontspec)             Mono' with options
(fontspec)             [WordSpace={1,0,0},HyphenChar=None,PunctuationSpace=WordSpace].
(fontspec)              
(fontspec)              This font family consists of the following NFSS
(fontspec)             series/shapes:
(fontspec)              
(fontspec)             - 'normal' (m/n) with NFSS spec.: <->"Adwaita
(fontspec)             Mono/OT:script=latn;language=dflt;"
(fontspec)             - 'bold' (b/n) with NFSS spec.: <->"Adwaita
(fontspec)             Mono/B/OT:script=latn;language=dflt;"
(fontspec)             - 'italic' (m/it) with NFSS spec.: <->"Adwaita
(fontspec)             Mono/I/OT:script=latn;language=dflt;"
(fontspec)             - 'bold italic' (b/it) with NFSS spec.: <->"Adwaita
(fontspec)             Mono/BI/OT:script=latn;language=dflt;"

 (./Practice_4.aux)
\openout1 = `Practice_4.aux'.

LaTeX Font Info:    Checking defaults for OML/cmm/m/it on input line 81.
LaTeX Font Info:    ... okay on input line 81.
LaTeX Font Info:    Checking defaults for OMS/cmsy/m/n on input line 81.
LaTeX Font Info:    ... okay on input line 81.
LaTeX Font Info:    Checking defaults for OT1/cmr/m/n on input line 81.
LaTeX Font Info:    ... okay on input line 81.
LaTeX Font Info:    Checking defaults for T1/cmr/m/n on input line 81.
LaTeX Font Info:    ... okay on input line 81.
LaTeX Font Info:    Checking defaults for TS1/cmr/m/n on input line 81.
LaTeX Font Info:    ... okay on input line 81.
LaTeX Font Info:    Checking defaults for TU/lmr/m/n on input line 81.
LaTeX Font Info:    ... okay on input line 81.
LaTeX Font Info:    Checking defaults for OMX/cmex/m/n on input line 81.
LaTeX Font Info:    ... okay on input line 81.
LaTeX Font Info:    Checking defaults for U/cmr/m/n on input line 81.
LaTeX Font Info:    ... okay on input line 81.
LaTeX Font Info:    Checking defaults for PD1/pdf/m/n on input line 81.
LaTeX Font Info:    ... okay on input line 81.
LaTeX Font Info:    Checking defaults for PU/pdf/m/n on input line 81.
LaTeX Font Info:    ... okay on input line 81.

*geometry* driver: auto-detecting
*geometry* detected driver: xetex
*geometry* verbose mode - [ preamble ] result:
* driver: xetex
* paper: a4paper
* layout: <same size as paper>
* layoutoffset:(h,v)=(0.0pt,0.0pt)
* modes: 
* h-part:(L,W,R)=(71.13188pt, 455.24411pt, 71.13188pt)
* v-part:(T,H,B)=(71.13188pt, 702.78308pt, 71.13188pt)
* \paperwidth=597.50787pt
* \paperheight=845.04684pt
* \textwidth=455.24411pt
* \textheight=702.78308pt
* \oddsidemargin=-1.1381pt
* \evensidemargin=-1.1381pt
* \topmargin=-38.1381pt
* \headheight=12.0pt
* \headsep=25.0pt
* \topskip=12.0pt
* \footskip=30.0pt
* \marginparwidth=35.0pt
* \marginparsep=10.0pt
* \columnsep=10.0pt
* \skip\footins=10.8pt plus 4.0pt minus 2.0pt
* \hoffset=0.0pt
* \voffset=0.0pt
* \mag=1000
* \@twocolumnfalse
* \@twosidefalse
* \@mparswitchfalse
* \@reversemarginfalse
* (1in=72.27pt=25.4mm, 1cm=28.453pt)


Package fontspec Info: 
(fontspec)             Adjusting the maths setup (use [no-math] to avoid
(fontspec)             this).

\symlegacymaths=\mathgroup4
LaTeX Font Info:    Overwriting symbol font `legacymaths' in version `bold'
(Font)                  OT1/cmr/m/n --> OT1/cmr/bx/n on input line 81.
LaTeX Font Info:    Redeclaring math accent \acute on input line 81.
LaTeX Font Info:    Redeclaring math accent \grave on input line 81.
LaTeX Font Info:    Redeclaring math accent \ddot on input line 81.
LaTeX Font Info:    Redeclaring math accent \tilde on input line 81.
LaTeX Font Info:    Redeclaring math accent \bar on input line 81.
LaTeX Font Info:    Redeclaring math accent \breve on input line 81.
LaTeX Font Info:    Redeclaring math accent \check on input line 81.
LaTeX Font Info:    Redeclaring math accent \hat on input line 81.
LaTeX Font Info:    Redeclaring math accent \dot on input line 81.
LaTeX Font Info:    Redeclaring math accent \mathring on input line 81.
LaTeX Font Info:    Redeclaring math symbol \colon on input line 81.
LaTeX Font Info:    Redeclaring math symbol \Gamma on input line 81.
LaTeX Font Info:    Redeclaring math symbol \Delta on input line 81.
LaTeX Font Info:    Redeclaring math symbol \Theta on input line 81.
LaTeX Font Info:    Redeclaring math symbol \Lambda on input line 81.
LaTeX Font Info:    Redeclaring math symbol \Xi on input line 81.
LaTeX Font Info:    Redeclaring math symbol \Pi on input line 81.
LaTeX Font Info:    Redeclaring math symbol \Sigma on input line 81.
LaTeX Font Info:    Redeclaring math symbol \Upsilon on input line 81.
LaTeX Font Info:    Redeclaring math symbol \Phi on input line 81.
LaTeX Font Info:    Redeclaring math symbol \Psi on input line 81.
LaTeX Font Info:    Redeclaring math symbol \Omega on input line 81.
LaTeX Font Info:    Redeclaring math symbol \mathdollar on input line 81.
LaTeX Font Info:    Redeclaring symbol font `operators' on input line 81.
LaTeX Font Info:    Encoding `OT1' has changed to `TU' for symbol font
(Font)              `operators' in the math version `normal' on input line 81.
LaTeX Font Info:    Overwriting symbol font `operators' in version `normal'
(Font)                  OT1/cmr/m/n --> TU/InterDisplay(0)/m/n on input line 81.
LaTeX Font Info:    Encoding `OT1' has changed to `TU' for symbol font
(Font)              `operators' in the math version `bold' on input line 81.
LaTeX Font Info:    Overwriting symbol font `operators' in version `bold'
(Font)                  OT1/cmr/bx/n --> TU/InterDisplay(0)/m/n on input line 81.
LaTeX Font Info:    Overwriting symbol font `operators' in version `normal'
(Font)                  TU/InterDisplay(0)/m/n --> TU/InterDisplay(0)/m/n on input line 81.
LaTeX Font Info:    Overwriting math alphabet `\mathit' in version `normal'
(Font)                  OT1/cmr/m/it --> TU/InterDisplay(0)/m/it on input line 81.
LaTeX Font Info:    Overwriting math alphabet `\mathbf' in version `normal'
(Font)                  OT1/cmr/bx/n --> TU/InterDisplay(0)/b/n on input line 81.
LaTeX Font Info:    Overwriting math alphabet `\mathsf' in version `normal'
(Font)                  OT1/cmss/m/n --> TU/lmss/m/n on input line 81.
LaTeX Font Info:    Overwriting math alphabet `\mathtt' in version `normal'
(Font)                  OT1/cmtt/m/n --> TU/AdwaitaMono(0)/m/n on input line 81.
LaTeX Font Info:    Overwriting symbol font `operators' in version `bold'
(Font)                  TU/InterDisplay(0)/m/n --> TU/InterDisplay(0)/b/n on input line 81.
LaTeX Font Info:    Overwriting math alphabet `\mathit' in version `bold'
(Font)                  OT1/cmr/bx/it --> TU/InterDisplay(0)/b/it on input line 81.
LaTeX Font Info:    Overwriting math alphabet `\mathsf' in version `bold'
(Font)                  OT1/cmss/bx/n --> TU/lmss/b/n on input line 81.
LaTeX Font Info:    Overwriting math alphabet `\mathtt' in version `bold'
(Font)                  OT1/cmtt/m/n --> TU/AdwaitaMono(0)/b/n on input line 81.
\c@lstlisting=\count312
Package hyperref Info: Link coloring OFF on input line 81.
(./Practice_4.out) (./Practice_4.out)
\@outlinefile=\write3
\openout3 = `Practice_4.out'.

Package caption Info: Begin \AtBeginDocument code.
Package caption Info: End \AtBeginDocument code.

Package fontspec Info: 
(fontspec)             Font family 'InterDisplay(1)' created for font
(fontspec)             'InterDisplay' with options
(fontspec)             [Ligatures=TeX,UprightFont=*-Regular,ItalicFont=*-Italic,BoldFont=*-Bold,BoldItalicFont=*-BoldItalic,FontFace={ul}{n}{Font={*-Thin}},FontFace={ul}{it}{Font={*-ThinItalic}},FontFace={el}{n}{Font={*-ExtraLight}},FontFace={el}{it}{Font={*-ExtraLightItalic}},FontFace={l}{n}{Font={*-Light}},FontFace={l}{it}{Font={*-LightItalic}},FontFace={mb}{n}{Font={*-Medium}},FontFace={mb}{it}{Font={*-MediumItalic}},FontFace={sb}{n}{Font={*-SemiBold}},FontFace={sb}{it}{Font={*-SemiBoldItalic}},FontFace={eb}{n}{Font={*-ExtraBold}},FontFace={eb}{it}{Font={*-ExtraBoldItalic}},FontFace={ub}{n}{Font={*-Black}},FontFace={ub}{it}{Font={*-BlackItalic}},RawFeature={+cv05},RawFeature={+cv08}].
(fontspec)              
(fontspec)              This font family consists of the following NFSS
(fontspec)             series/shapes:
(fontspec)              
(fontspec)             - (ul/n) with NFSS spec.:
(fontspec)             <->"InterDisplay-Thin/OT:script=latn;language=dflt;+cv05;+cv08;mapping=tex-text;"
(fontspec)             - (ul/it) with NFSS spec.:
(fontspec)             <->"InterDisplay-ThinItalic/OT:script=latn;language=dflt;+cv05;+cv08;mapping=tex-text;"
(fontspec)             - (el/n) with NFSS spec.:
(fontspec)             <->"InterDisplay-ExtraLight/OT:script=latn;language=dflt;+cv05;+cv08;mapping=tex-text;"
(fontspec)             - (el/it) with NFSS spec.:
(fontspec)             <->"InterDisplay-ExtraLightItalic/OT:script=latn;language=dflt;+cv05;+cv08;mapping=tex-text;"
(fontspec)             - (l/n) with NFSS spec.:
(fontspec)             <->"InterDisplay-Light/OT:script=latn;language=dflt;+cv05;+cv08;mapping=tex-text;"
(fontspec)             - (l/it) with NFSS spec.:
(fontspec)             <->"InterDisplay-LightItalic/OT:script=latn;language=dflt;+cv05;+cv08;mapping=tex-text;"
(fontspec)             - (mb/n) with NFSS spec.:
(fontspec)             <->"InterDisplay-Medium/OT:script=latn;language=dflt;+cv05;+cv08;mapping=tex-text;"
(fontspec)             - (mb/it) with NFSS spec.:
(fontspec)             <->"InterDisplay-MediumItalic/OT:script=latn;language=dflt;+cv05;+cv08;mapping=tex-text;"
(fontspec)             - (sb/n) with NFSS spec.:
(fontspec)             <->"InterDisplay-SemiBold/OT:script=latn;language=dflt;+cv05;+cv08;mapping=tex-text;"
(fontspec)             - (sb/it) with NFSS spec.:
(fontspec)             <->"InterDisplay-SemiBoldItalic/OT:script=latn;language=dflt;+cv05;+cv08;mapping=tex-text;"
(fontspec)             - (eb/n) with NFSS spec.:
(fontspec)             <->"InterDisplay-ExtraBold/OT:script=latn;language=dflt;+cv05;+cv08;mapping=tex-text;"
(fontspec)             - (eb/it) with NFSS spec.:
(fontspec)             <->"InterDisplay-ExtraBoldItalic/OT:script=latn;language=dflt;+cv05;+cv08;mapping=tex-text;"
(fontspec)             - (ub/n) with NFSS spec.:
(fontspec)             <->"InterDisplay-Black/OT:script=latn;language=dflt;+cv05;+cv08;mapping=tex-text;"
(fontspec)             - (ub/it) with NFSS spec.:
(fontspec)             <->"InterDisplay-BlackItalic/OT:script=latn;language=dflt;+cv05;+cv08;mapping=tex-text;"
(fontspec)             - 'normal' (m/n) with NFSS spec.:
(fontspec)             <->"InterDisplay-Regular/OT:script=latn;language=dflt;+cv05;+cv08;mapping=tex-text;"
(fontspec)             - 'bold' (b/n) with NFSS spec.:
(fontspec)             <->"InterDisplay-Bold/OT:script=latn;language=dflt;+cv05;+cv08;mapping=tex-text;"
(fontspec)             - 'italic' (m/it) with NFSS spec.:
(fontspec)             <->"InterDisplay-Italic/OT:script=latn;language=dflt;+cv05;+cv08;mapping=tex-text;"
(fontspec)             - 'bold italic' (b/it) with NFSS spec.:
(fontspec)             <->"InterDisplay-BoldItalic/OT:script=latn;language=dflt;+cv05;+cv08;mapping=tex-text;"

LaTeX Font Info:    External font `cmex10' loaded for size
(Font)              <14.4> on input line 83.
LaTeX Font Info:    External font `cmex10' loaded for size
(Font)              <7> on input line 83.
LaTeX Font Info:    External font `cmex10' loaded for size
(Font)              <12> on input line 90.
LaTeX Font Info:    External font `cmex10' loaded for size
(Font)              <8> on input line 90.
LaTeX Font Info:    External font `cmex10' loaded for size
(Font)              <6> on input line 90.

Overfull \hbox (5.04134pt too wide) in paragraph at lines 86--96
\TU/InterDisplay(0)/m/n/12 The GitHub repository for all graded practices, including this one, is available at []$[][][][][] []
 []


Overfull \hbox (4.89224pt too wide) in paragraph at lines 86--96
[] [] [][][][][][] [] [][][] [] [][][][][][][][][][][][] [] [][][][][][][][][][][][][][][][] [] []$[]\TU/InterDisplay(0)/m/n/12 . This repository is struc-
 []


Overfull \hbox (5.2929pt too wide) in paragraph at lines 98--101
\TU/InterDisplay(0)/m/n/12 ries, named \TU/AdwaitaMono(0)/b/n/11 /Practice_1/\TU/InterDisplay(0)/m/n/12 , \TU/AdwaitaMono(0)/b/n/11 /Practice_2/\TU/InterDisplay(0)/m/n/12 , \TU/AdwaitaMono(0)/b/n/11 /Practice_3/\TU/InterDisplay(0)/m/n/12 , and \TU/AdwaitaMono(0)/b/n/11 /Practice_4/\TU/InterDisplay(0)/m/n/12 . 
 []



[1

]

[2]

[3]
Overfull \hbox (0.33592pt too wide) in paragraph at lines 268--272
[]\TU/InterDisplay(0)/b/n/12 Scenario: \TU/InterDisplay(0)/m/n/12 Vary \TU/AdwaitaMono(0)/b/n/11 min_period \TU/InterDisplay(0)/m/n/12 and \TU/AdwaitaMono(0)/b/n/11 max_period \TU/InterDisplay(0)/m/n/12 to constrain the period search
 []



[4] (./Practice_4.aux)
 ***********
LaTeX2e <2024-11-01> patch level 2
L3 programming layer <2025-01-18>
 ***********
Package rerunfilecheck Info: File `Practice_4.out' has not changed.
(rerunfilecheck)             Checksum: D41D8CD98F00B204E9800998ECF8427E;0.
 ) 
Here is how much of TeX's memory you used:
 14945 strings out of 473832
 294219 string characters out of 5729482
 762288 words of memory out of 5000000
 37816 multiletter control sequences out of 15000+600000
 563254 words of font info for 100 fonts, out of 8000000 for 9000
 1348 hyphenation exceptions out of 8191
 79i,11n,93p,478b,719s stack positions out of 10000i,1000n,20000p,200000b,200000s

Output written on Practice_4.pdf (4 pages).
